
> asteroids_roguefield@1.0.0 build
> vite build

[36mvite v5.4.20 [32mbuilding for production...[36m[39m
transforming...
[32mÔ£ô[39m 26 modules transformed.
x Build failed in 142ms
error during build:
[vite:build-import-analysis] [plugin vite:build-import-analysis] src/modules/EffectsSystem.js (250:0): Failed to parse source for import analysis because the content contains invalid JS syntax. If you are using JSX, make sure to name the file with the .jsx or .tsx extension.
file: C:/Users/fgfer/OneDrive/Documents/GitHub/ASTEROIDS_ROGUEFIELD/src/modules/EffectsSystem.js:250:0

248:     ctx.restore();
249:   }
250: }
     ^
251: 
252: class DamageText {

    at getRollupError (file:///C:/Users/fgfer/OneDrive/Documents/GitHub/ASTEROIDS_ROGUEFIELD/node_modules/rollup/dist/es/shared/parseAst.js:401:41)
    at error (file:///C:/Users/fgfer/OneDrive/Documents/GitHub/ASTEROIDS_ROGUEFIELD/node_modules/rollup/dist/es/shared/parseAst.js:397:42)
    at Object.error (file:///C:/Users/fgfer/OneDrive/Documents/GitHub/ASTEROIDS_ROGUEFIELD/node_modules/rollup/dist/es/shared/node-entry.js:22078:20)
    at Object.error (file:///C:/Users/fgfer/OneDrive/Documents/GitHub/ASTEROIDS_ROGUEFIELD/node_modules/rollup/dist/es/shared/node-entry.js:21136:42)
    at Object.transform (file:///C:/Users/fgfer/OneDrive/Documents/GitHub/ASTEROIDS_ROGUEFIELD/node_modules/vite/dist/node/chunks/dep-D_zLpgQd.js:64912:14)
